{
  "Unit Tests": {
    "coverage": {
    },
    "timestamp": 1418042521
  },
  "RSpec": {
    "coverage": {
      "/media/sergio/16681D9A681D79A7/Users/Sergio/Documents/Archivos clase/Universidad/Cuarto/SWT/SYTW-Practica-6/chat.rb": [
        1,
        1,
        null,
        1,
        null,
        null,
        null,
        null,
        1,
        null,
        1,
        null,
        1,
        1,
        null,
        1,
        6,
        6,
        null,
        0,
        null,
        null,
        null,
        null,
        1,
        2,
        null,
        null,
        1,
        null,
        null,
        1,
        1,
        0,
        0,
        null,
        0,
        0,
        null,
        null,
        1,
        1,
        1,
        null,
        null,
        null,
        1,
        null,
        null,
        null,
        1,
        0,
        0,
        0,
        null,
        null,
        1,
        2,
        null,
        null,
        0,
        0,
        null,
        null,
        null,
        1,
        1,
        1,
        1,
        null,
        1,
        1,
        null,
        null,
        1,
        3,
        1,
        null,
        1,
        1,
        null,
        null,
        null,
        null,
        null,
        null,
        null,
        null,
        null,
        null
      ]
    },
    "timestamp": 1418927593
  }
}
